[debug] [2024-02-26T20:28:44.255Z] ----------------------------------------------------------------------
[debug] [2024-02-26T20:28:44.261Z] Command:       C:\Program Files\nodejs\node.exe C:\Users\DANIEL\AppData\Roaming\npm\node_modules\firebase-tools\lib\bin\firebase.js deploy --only hosting
[debug] [2024-02-26T20:28:44.262Z] CLI Version:   13.3.1
[debug] [2024-02-26T20:28:44.262Z] Platform:      win32
[debug] [2024-02-26T20:28:44.263Z] Node Version:  v20.11.1
[debug] [2024-02-26T20:28:44.263Z] Time:          Mon Feb 26 2024 23:28:44 GMT+0300 (East Africa Time)
[debug] [2024-02-26T20:28:44.263Z] ----------------------------------------------------------------------
[debug] 
[debug] [2024-02-26T20:28:44.477Z] > command requires scopes: ["email","openid","https://www.googleapis.com/auth/cloudplatformprojects.readonly","https://www.googleapis.com/auth/firebase","https://www.googleapis.com/auth/cloud-platform"]
[debug] [2024-02-26T20:28:44.479Z] > authorizing via signed-in user (wambokenya@gmail.com)
[debug] [2024-02-26T20:28:44.480Z] [iam] checking project daniel-nextjs for permissions ["firebase.projects.get","firebasehosting.sites.update"]
[debug] [2024-02-26T20:28:44.485Z] >>> [apiv2][query] POST https://cloudresourcemanager.googleapis.com/v1/projects/daniel-nextjs:testIamPermissions [none]
[debug] [2024-02-26T20:28:44.485Z] >>> [apiv2][(partial)header] POST https://cloudresourcemanager.googleapis.com/v1/projects/daniel-nextjs:testIamPermissions x-goog-quota-user=projects/daniel-nextjs
[debug] [2024-02-26T20:28:44.485Z] >>> [apiv2][body] POST https://cloudresourcemanager.googleapis.com/v1/projects/daniel-nextjs:testIamPermissions {"permissions":["firebase.projects.get","firebasehosting.sites.update"]}
[debug] [2024-02-26T20:28:46.725Z] <<< [apiv2][status] POST https://cloudresourcemanager.googleapis.com/v1/projects/daniel-nextjs:testIamPermissions 200
[debug] [2024-02-26T20:28:46.726Z] <<< [apiv2][body] POST https://cloudresourcemanager.googleapis.com/v1/projects/daniel-nextjs:testIamPermissions {"permissions":["firebase.projects.get","firebasehosting.sites.update"]}
[debug] [2024-02-26T20:28:46.728Z] >>> [apiv2][query] GET https://firebase.googleapis.com/v1beta1/projects/daniel-nextjs [none]
[debug] [2024-02-26T20:28:47.290Z] <<< [apiv2][status] GET https://firebase.googleapis.com/v1beta1/projects/daniel-nextjs 200
[debug] [2024-02-26T20:28:47.290Z] <<< [apiv2][body] GET https://firebase.googleapis.com/v1beta1/projects/daniel-nextjs {"projectId":"daniel-nextjs","projectNumber":"1007569869741","displayName":"Daniel-Nextjs","name":"projects/daniel-nextjs","resources":{"hostingSite":"daniel-nextjs"},"state":"ACTIVE","etag":"1_3480e4b0-60d5-457e-810b-77f71fab9531"}
[info] 
[info] === Deploying to 'daniel-nextjs'...
[info] 
[info] i  deploying hosting 
[debug] [2024-02-26T20:28:47.319Z] >>> [apiv2][query] POST https://firebasehosting.googleapis.com/v1beta1/projects/-/sites/daniel-nextjs/versions [none]
[debug] [2024-02-26T20:28:47.320Z] >>> [apiv2][body] POST https://firebasehosting.googleapis.com/v1beta1/projects/-/sites/daniel-nextjs/versions {"status":"CREATED","labels":{"deployment-tool":"cli-firebase"}}
[debug] [2024-02-26T20:28:49.591Z] <<< [apiv2][status] POST https://firebasehosting.googleapis.com/v1beta1/projects/-/sites/daniel-nextjs/versions 200
[debug] [2024-02-26T20:28:49.592Z] <<< [apiv2][body] POST https://firebasehosting.googleapis.com/v1beta1/projects/-/sites/daniel-nextjs/versions {"name":"projects/1007569869741/sites/daniel-nextjs/versions/f48d7a5726bcd544","status":"CREATED","config":{},"labels":{"deployment-tool":"cli-firebase"}}
[info] i  hosting[daniel-nextjs]: beginning deploy... 
[debug] [2024-02-26T20:28:49.868Z] Error: EPERM: operation not permitted, scandir 'C:\Users\DANIEL\Desktop\NEXTAPPLICATION\my-next-project\.next\trace'
    at Object.readdirSync (node:fs:1515:26)
    at GlobSync._readdir (C:\Users\DANIEL\AppData\Roaming\npm\node_modules\firebase-tools\node_modules\glob\sync.js:288:46)
    at GlobSync._readdirInGlobStar (C:\Users\DANIEL\AppData\Roaming\npm\node_modules\firebase-tools\node_modules\glob\sync.js:245:17)
    at GlobSync._readdir (C:\Users\DANIEL\AppData\Roaming\npm\node_modules\firebase-tools\node_modules\glob\sync.js:276:17)
    at GlobSync._processReaddir (C:\Users\DANIEL\AppData\Roaming\npm\node_modules\firebase-tools\node_modules\glob\sync.js:137:22)
    at GlobSync._process (C:\Users\DANIEL\AppData\Roaming\npm\node_modules\firebase-tools\node_modules\glob\sync.js:132:10)
    at GlobSync._processGlobStar (C:\Users\DANIEL\AppData\Roaming\npm\node_modules\firebase-tools\node_modules\glob\sync.js:380:10)
    at GlobSync._process (C:\Users\DANIEL\AppData\Roaming\npm\node_modules\firebase-tools\node_modules\glob\sync.js:130:10)
    at new GlobSync (C:\Users\DANIEL\AppData\Roaming\npm\node_modules\firebase-tools\node_modules\glob\sync.js:45:10)
    at globSync (C:\Users\DANIEL\AppData\Roaming\npm\node_modules\firebase-tools\node_modules\glob\sync.js:23:10)
[error] 
[error] Error: An unexpected error has occurred.
